
********************
Static Check Summary
********************
Total number of errors is 0, Grading (0) Marks
Total number of warnings is 0, Grading (-0.0) Marks
Total number of style issues is 5, Grading (-2.5) Marks
Total number of performance issues is 0, Grading (-0.0) Marks
Total number of portability issues is 0, Grading (-0.0) Marks
-------------------------------------------------------------
Total number of lost marks is -2.5

*********************
Static Check Details
*********************
Style issue in /home/abdellah/Desktop/Coursera/CourseraPreparation/students-samples/grp-4f747a1c/saut.cc at line: 15, penalty -0.5 Marks
	 Type: unreadVariable, Message: Variable 'masse' is assigned a value that is never used.
Style issue in /home/abdellah/Desktop/Coursera/CourseraPreparation/students-samples/grp-4f747a1c/saut.cc at line: 16, penalty -0.5 Marks
	 Type: unreadVariable, Message: Variable 'surface' is assigned a value that is never used.
Style issue in /home/abdellah/Desktop/Coursera/CourseraPreparation/students-samples/grp-4f747a1c/saut.cc at line: 17, penalty -0.5 Marks
	 Type: unreadVariable, Message: Variable 'h' is assigned a value that is never used.
Style issue in /home/abdellah/Desktop/Coursera/CourseraPreparation/students-samples/grp-4f747a1c/saut.cc at line: 18, penalty -0.5 Marks
	 Type: unreadVariable, Message: Variable 'v' is assigned a value that is never used.
Style issue in /home/abdellah/Desktop/Coursera/CourseraPreparation/students-samples/grp-4f747a1c/saut.cc at line: 19, penalty -0.5 Marks
	 Type: unreadVariable, Message: Variable 'a' is assigned a value that is never used.
