
********************
Static Check Summary
********************
Total number of errors is 0, Grading (0) Marks
Total number of warnings is 0, Grading (-0.0) Marks
Total number of style issues is 6, Grading (-3.0) Marks
Total number of performance issues is 0, Grading (-0.0) Marks
Total number of portability issues is 0, Grading (-0.0) Marks
-------------------------------------------------------------
Total number of lost marks is -3.0

*********************
Static Check Details
*********************
Style issue in /home/abdellah/Desktop/Coursera/CourseraPreparation/students-samples/grp-44b40ff9/saut.cc at line: 28, penalty -0.5 Marks
	 Type: variableScope, Message: The scope of the variable 'v' can be reduced.
Style issue in /home/abdellah/Desktop/Coursera/CourseraPreparation/students-samples/grp-44b40ff9/saut.cc at line: 28, penalty -0.5 Marks
	 Type: variableScope, Message: The scope of the variable 'h' can be reduced.
Style issue in /home/abdellah/Desktop/Coursera/CourseraPreparation/students-samples/grp-44b40ff9/saut.cc at line: 28, penalty -0.5 Marks
	 Type: variableScope, Message: The scope of the variable 'a' can be reduced.
Style issue in /home/abdellah/Desktop/Coursera/CourseraPreparation/students-samples/grp-44b40ff9/saut.cc at line: 28, penalty -0.5 Marks
	 Type: variableScope, Message: The scope of the variable 'alpha' can be reduced.
Style issue in /home/abdellah/Desktop/Coursera/CourseraPreparation/students-samples/grp-44b40ff9/saut.cc at line: 36, penalty -0.5 Marks
	 Type: unreadVariable, Message: Variable 'h' is assigned a value that is never used.
Style issue in /home/abdellah/Desktop/Coursera/CourseraPreparation/students-samples/grp-44b40ff9/saut.cc at line: 38, penalty -0.5 Marks
	 Type: unreadVariable, Message: Variable 'a' is assigned a value that is never used.
