
********************
Static Check Summary
********************
Total number of errors is 4, Grading (-4) Marks
Total number of warnings is 0, Grading (-0.0) Marks
Total number of style issues is 8, Grading (-4.0) Marks
Total number of performance issues is 0, Grading (-0.0) Marks
Total number of portability issues is 0, Grading (-0.0) Marks
-------------------------------------------------------------
Total number of lost marks is -8.0

*********************
Static Check Details
*********************
Style issue in /home/abdellah/Desktop/Coursera/CourseraPreparation/students-samples/grp-55bf1e10/saut.cc at line: 21, penalty -0.5 Marks
	 Type: unreachableCode, Message: Statements following return, break, continue, goto or throw will never be executed.
Style issue in /home/abdellah/Desktop/Coursera/CourseraPreparation/students-samples/grp-55bf1e10/saut.cc at line: 25, penalty -0.5 Marks
	 Type: unreachableCode, Message: Statements following return, break, continue, goto or throw will never be executed.
Style issue in /home/abdellah/Desktop/Coursera/CourseraPreparation/students-samples/grp-55bf1e10/saut.cc at line: 8, penalty -0.5 Marks
	 Type: variableScope, Message: The scope of the variable 'v' can be reduced.
Style issue in /home/abdellah/Desktop/Coursera/CourseraPreparation/students-samples/grp-55bf1e10/saut.cc at line: 8, penalty -0.5 Marks
	 Type: variableScope, Message: The scope of the variable 'h' can be reduced.
Style issue in /home/abdellah/Desktop/Coursera/CourseraPreparation/students-samples/grp-55bf1e10/saut.cc at line: 9, penalty -0.5 Marks
	 Type: variableScope, Message: The scope of the variable 'terme' can be reduced.
Style issue in /home/abdellah/Desktop/Coursera/CourseraPreparation/students-samples/grp-55bf1e10/saut.cc at line: 9, penalty -0.5 Marks
	 Type: variableScope, Message: The scope of the variable 'alpha' can be reduced.
Style issue in /home/abdellah/Desktop/Coursera/CourseraPreparation/students-samples/grp-55bf1e10/saut.cc at line: 8, penalty -0.5 Marks
	 Type: unassignedVariable, Message: Variable 'masse' is not assigned a value.
Style issue in /home/abdellah/Desktop/Coursera/CourseraPreparation/students-samples/grp-55bf1e10/saut.cc at line: 8, penalty -0.5 Marks
	 Type: unassignedVariable, Message: Variable 't' is not assigned a value.
Error in /home/abdellah/Desktop/Coursera/CourseraPreparation/students-samples/grp-55bf1e10/saut.cc at line: 13, penalty -1 Marks
	 Type: uninitvar, Message: Uninitialized variable: SI
Error in /home/abdellah/Desktop/Coursera/CourseraPreparation/students-samples/grp-55bf1e10/saut.cc at line: 13, penalty -1 Marks
	 Type: uninitvar, Message: Uninitialized variable: masse
Error in /home/abdellah/Desktop/Coursera/CourseraPreparation/students-samples/grp-55bf1e10/saut.cc at line: 16, penalty -1 Marks
	 Type: uninitvar, Message: Uninitialized variable: a
Error in /home/abdellah/Desktop/Coursera/CourseraPreparation/students-samples/grp-55bf1e10/saut.cc at line: 16, penalty -1 Marks
	 Type: uninitvar, Message: Uninitialized variable: t
